<?xml version="1.0" encoding="UTF-8"?>
<coverage generated="1754487818841" clover="3.2.0">
  <project timestamp="1754487818841" name="All files">
    <metrics statements="167" coveredstatements="160" conditionals="18" coveredconditionals="16" methods="53" coveredmethods="48" elements="238" coveredelements="224" complexity="0" loc="167" ncloc="167" packages="9" files="17" classes="17"/>
    <package name="app">
      <metrics statements="12" coveredstatements="9" conditionals="0" coveredconditionals="0" methods="3" coveredmethods="1"/>
      <file name="app.component.html" path="C:\Dossier_a_concerver\OC\DA-JAVA-ANGULAR\P5-testez_une_application_full-stack\front\src\app\app.component.html">
        <metrics statements="1" coveredstatements="1" conditionals="0" coveredconditionals="0" methods="0" coveredmethods="0"/>
        <line num="1" count="1" type="stmt"/>
      </file>
      <file name="app.component.ts" path="C:\Dossier_a_concerver\OC\DA-JAVA-ANGULAR\P5-testez_une_application_full-stack\front\src\app\app.component.ts">
        <metrics statements="11" coveredstatements="8" conditionals="0" coveredconditionals="0" methods="3" coveredmethods="1"/>
        <line num="1" count="1" type="stmt"/>
        <line num="2" count="1" type="stmt"/>
        <line num="4" count="1" type="stmt"/>
        <line num="6" count="1" type="stmt"/>
        <line num="13" count="1" type="stmt"/>
        <line num="15" count="1" type="stmt"/>
        <line num="16" count="1" type="stmt"/>
        <line num="17" count="1" type="stmt"/>
        <line num="21" count="0" type="stmt"/>
        <line num="25" count="0" type="stmt"/>
        <line num="26" count="0" type="stmt"/>
      </file>
    </package>
    <package name="app.components.not-found">
      <metrics statements="3" coveredstatements="3" conditionals="0" coveredconditionals="0" methods="0" coveredmethods="0"/>
      <file name="not-found.component.html" path="C:\Dossier_a_concerver\OC\DA-JAVA-ANGULAR\P5-testez_une_application_full-stack\front\src\app\components\not-found\not-found.component.html">
        <metrics statements="1" coveredstatements="1" conditionals="0" coveredconditionals="0" methods="0" coveredmethods="0"/>
        <line num="1" count="1" type="stmt"/>
      </file>
      <file name="not-found.component.ts" path="C:\Dossier_a_concerver\OC\DA-JAVA-ANGULAR\P5-testez_une_application_full-stack\front\src\app\components\not-found\not-found.component.ts">
        <metrics statements="2" coveredstatements="2" conditionals="0" coveredconditionals="0" methods="0" coveredmethods="0"/>
        <line num="1" count="1" type="stmt"/>
        <line num="8" count="1" type="stmt"/>
      </file>
    </package>
    <package name="app.features.auth.components.login">
      <metrics statements="20" coveredstatements="20" conditionals="0" coveredconditionals="0" methods="4" coveredmethods="4"/>
      <file name="login.component.html" path="C:\Dossier_a_concerver\OC\DA-JAVA-ANGULAR\P5-testez_une_application_full-stack\front\src\app\features\auth\components\login\login.component.html">
        <metrics statements="1" coveredstatements="1" conditionals="0" coveredconditionals="0" methods="0" coveredmethods="0"/>
        <line num="1" count="1" type="stmt"/>
      </file>
      <file name="login.component.ts" path="C:\Dossier_a_concerver\OC\DA-JAVA-ANGULAR\P5-testez_une_application_full-stack\front\src\app\features\auth\components\login\login.component.ts">
        <metrics statements="19" coveredstatements="19" conditionals="0" coveredconditionals="0" methods="4" coveredmethods="4"/>
        <line num="1" count="1" type="stmt"/>
        <line num="2" count="1" type="stmt"/>
        <line num="3" count="1" type="stmt"/>
        <line num="5" count="1" type="stmt"/>
        <line num="7" count="1" type="stmt"/>
        <line num="14" count="1" type="stmt"/>
        <line num="15" count="2" type="stmt"/>
        <line num="16" count="2" type="stmt"/>
        <line num="18" count="2" type="stmt"/>
        <line num="35" count="2" type="stmt"/>
        <line num="36" count="2" type="stmt"/>
        <line num="37" count="2" type="stmt"/>
        <line num="38" count="2" type="stmt"/>
        <line num="42" count="2" type="stmt"/>
        <line num="43" count="2" type="stmt"/>
        <line num="45" count="1" type="stmt"/>
        <line num="46" count="1" type="stmt"/>
        <line num="49" count="1" type="stmt"/>
        <line num="50" count="1" type="stmt"/>
      </file>
    </package>
    <package name="app.features.auth.components.register">
      <metrics statements="17" coveredstatements="16" conditionals="1" coveredconditionals="1" methods="4" coveredmethods="3"/>
      <file name="register.component.html" path="C:\Dossier_a_concerver\OC\DA-JAVA-ANGULAR\P5-testez_une_application_full-stack\front\src\app\features\auth\components\register\register.component.html">
        <metrics statements="1" coveredstatements="1" conditionals="0" coveredconditionals="0" methods="0" coveredmethods="0"/>
        <line num="1" count="1" type="stmt"/>
      </file>
      <file name="register.component.ts" path="C:\Dossier_a_concerver\OC\DA-JAVA-ANGULAR\P5-testez_une_application_full-stack\front\src\app\features\auth\components\register\register.component.ts">
        <metrics statements="16" coveredstatements="15" conditionals="1" coveredconditionals="1" methods="4" coveredmethods="3"/>
        <line num="1" count="1" type="stmt"/>
        <line num="2" count="1" type="stmt"/>
        <line num="3" count="1" type="stmt"/>
        <line num="4" count="1" type="stmt"/>
        <line num="12" count="1" type="stmt"/>
        <line num="14" count="5" type="stmt"/>
        <line num="16" count="5" type="stmt"/>
        <line num="50" count="5" type="stmt"/>
        <line num="51" count="5" type="stmt"/>
        <line num="52" count="5" type="stmt"/>
        <line num="56" count="2" type="cond" truecount="1" falsecount="0"/>
        <line num="57" count="1" type="stmt"/>
        <line num="60" count="1" type="stmt"/>
        <line num="61" count="1" type="stmt"/>
        <line num="62" count="1" type="stmt"/>
        <line num="63" count="0" type="stmt"/>
      </file>
    </package>
    <package name="app.features.auth.services">
      <metrics statements="7" coveredstatements="7" conditionals="0" coveredconditionals="0" methods="3" coveredmethods="3"/>
      <file name="auth.service.ts" path="C:\Dossier_a_concerver\OC\DA-JAVA-ANGULAR\P5-testez_une_application_full-stack\front\src\app\features\auth\services\auth.service.ts">
        <metrics statements="7" coveredstatements="7" conditionals="0" coveredconditionals="0" methods="3" coveredmethods="3"/>
        <line num="1" count="4" type="stmt"/>
        <line num="2" count="4" type="stmt"/>
        <line num="11" count="4" type="stmt"/>
        <line num="13" count="3" type="stmt"/>
        <line num="15" count="3" type="stmt"/>
        <line num="18" count="1" type="stmt"/>
        <line num="22" count="1" type="stmt"/>
      </file>
    </package>
    <package name="app.features.sessions.components.detail">
      <metrics statements="33" coveredstatements="32" conditionals="0" coveredconditionals="0" methods="13" coveredmethods="12"/>
      <file name="detail.component.html" path="C:\Dossier_a_concerver\OC\DA-JAVA-ANGULAR\P5-testez_une_application_full-stack\front\src\app\features\sessions\components\detail\detail.component.html">
        <metrics statements="1" coveredstatements="1" conditionals="0" coveredconditionals="0" methods="0" coveredmethods="0"/>
        <line num="1" count="1" type="stmt"/>
      </file>
      <file name="detail.component.ts" path="C:\Dossier_a_concerver\OC\DA-JAVA-ANGULAR\P5-testez_une_application_full-stack\front\src\app\features\sessions\components\detail\detail.component.ts">
        <metrics statements="32" coveredstatements="31" conditionals="0" coveredconditionals="0" methods="13" coveredmethods="12"/>
        <line num="1" count="1" type="stmt"/>
        <line num="2" count="1" type="stmt"/>
        <line num="3" count="1" type="stmt"/>
        <line num="4" count="1" type="stmt"/>
        <line num="6" count="1" type="stmt"/>
        <line num="7" count="1" type="stmt"/>
        <line num="9" count="1" type="stmt"/>
        <line num="16" count="1" type="stmt"/>
        <line num="20" count="5" type="stmt"/>
        <line num="21" count="5" type="stmt"/>
        <line num="27" count="5" type="stmt"/>
        <line num="28" count="5" type="stmt"/>
        <line num="29" count="5" type="stmt"/>
        <line num="30" count="5" type="stmt"/>
        <line num="31" count="5" type="stmt"/>
        <line num="32" count="5" type="stmt"/>
        <line num="33" count="5" type="stmt"/>
        <line num="34" count="5" type="stmt"/>
        <line num="35" count="5" type="stmt"/>
        <line num="36" count="5" type="stmt"/>
        <line num="40" count="1" type="stmt"/>
        <line num="44" count="0" type="stmt"/>
        <line num="48" count="1" type="stmt"/>
        <line num="51" count="1" type="stmt"/>
        <line num="52" count="1" type="stmt"/>
        <line num="58" count="1" type="stmt"/>
        <line num="62" count="1" type="stmt"/>
        <line num="66" count="3" type="stmt"/>
        <line num="69" count="3" type="stmt"/>
        <line num="70" count="3" type="stmt"/>
        <line num="71" count="3" type="stmt"/>
        <line num="73" count="3" type="stmt"/>
      </file>
    </package>
    <package name="app.features.sessions.components.form">
      <metrics statements="36" coveredstatements="34" conditionals="17" coveredconditionals="15" methods="8" coveredmethods="7"/>
      <file name="form.component.html" path="C:\Dossier_a_concerver\OC\DA-JAVA-ANGULAR\P5-testez_une_application_full-stack\front\src\app\features\sessions\components\form\form.component.html">
        <metrics statements="1" coveredstatements="1" conditionals="0" coveredconditionals="0" methods="0" coveredmethods="0"/>
        <line num="1" count="2" type="stmt"/>
      </file>
      <file name="form.component.ts" path="C:\Dossier_a_concerver\OC\DA-JAVA-ANGULAR\P5-testez_une_application_full-stack\front\src\app\features\sessions\components\form\form.component.ts">
        <metrics statements="35" coveredstatements="33" conditionals="17" coveredconditionals="15" methods="8" coveredmethods="7"/>
        <line num="1" count="2" type="stmt"/>
        <line num="2" count="2" type="stmt"/>
        <line num="3" count="2" type="stmt"/>
        <line num="4" count="2" type="stmt"/>
        <line num="5" count="2" type="stmt"/>
        <line num="6" count="2" type="stmt"/>
        <line num="8" count="2" type="stmt"/>
        <line num="15" count="2" type="stmt"/>
        <line num="17" count="5" type="stmt"/>
        <line num="19" count="5" type="stmt"/>
        <line num="23" count="5" type="stmt"/>
        <line num="24" count="5" type="stmt"/>
        <line num="25" count="5" type="stmt"/>
        <line num="26" count="5" type="stmt"/>
        <line num="27" count="5" type="stmt"/>
        <line num="28" count="5" type="stmt"/>
        <line num="29" count="5" type="stmt"/>
        <line num="34" count="5" type="cond" truecount="1" falsecount="0"/>
        <line num="35" count="4" type="stmt"/>
        <line num="37" count="5" type="stmt"/>
        <line num="38" count="5" type="cond" truecount="2" falsecount="0"/>
        <line num="39" count="1" type="stmt"/>
        <line num="40" count="1" type="stmt"/>
        <line num="41" count="1" type="stmt"/>
        <line num="43" count="1" type="stmt"/>
        <line num="45" count="4" type="stmt"/>
        <line num="50" count="1" type="cond" truecount="3" falsecount="1"/>
        <line num="52" count="1" type="cond" truecount="1" falsecount="1"/>
        <line num="53" count="1" type="stmt"/>
        <line num="55" count="1" type="stmt"/>
        <line num="57" count="0" type="stmt"/>
        <line num="59" count="0" type="stmt"/>
        <line num="64" count="5" type="stmt"/>
        <line num="88" count="1" type="stmt"/>
        <line num="89" count="1" type="stmt"/>
      </file>
    </package>
    <package name="app.features.sessions.services">
      <metrics statements="12" coveredstatements="12" conditionals="0" coveredconditionals="0" methods="8" coveredmethods="8"/>
      <file name="session-api.service.ts" path="C:\Dossier_a_concerver\OC\DA-JAVA-ANGULAR\P5-testez_une_application_full-stack\front\src\app\features\sessions\services\session-api.service.ts">
        <metrics statements="12" coveredstatements="12" conditionals="0" coveredconditionals="0" methods="8" coveredmethods="8"/>
        <line num="1" count="4" type="stmt"/>
        <line num="2" count="4" type="stmt"/>
        <line num="9" count="4" type="stmt"/>
        <line num="11" count="11" type="stmt"/>
        <line num="13" count="11" type="stmt"/>
        <line num="17" count="2" type="stmt"/>
        <line num="21" count="1" type="stmt"/>
        <line num="25" count="2" type="stmt"/>
        <line num="29" count="1" type="stmt"/>
        <line num="33" count="1" type="stmt"/>
        <line num="37" count="1" type="stmt"/>
        <line num="41" count="1" type="stmt"/>
      </file>
    </package>
    <package name="app.services">
      <metrics statements="27" coveredstatements="27" conditionals="0" coveredconditionals="0" methods="10" coveredmethods="10"/>
      <file name="session.service.ts" path="C:\Dossier_a_concerver\OC\DA-JAVA-ANGULAR\P5-testez_une_application_full-stack\front\src\app\services\session.service.ts">
        <metrics statements="13" coveredstatements="13" conditionals="0" coveredconditionals="0" methods="4" coveredmethods="4"/>
        <line num="1" count="6" type="stmt"/>
        <line num="2" count="6" type="stmt"/>
        <line num="8" count="6" type="stmt"/>
        <line num="10" count="5" type="stmt"/>
        <line num="13" count="5" type="stmt"/>
        <line num="16" count="1" type="stmt"/>
        <line num="20" count="3" type="stmt"/>
        <line num="21" count="3" type="stmt"/>
        <line num="22" count="3" type="stmt"/>
        <line num="26" count="2" type="stmt"/>
        <line num="27" count="2" type="stmt"/>
        <line num="28" count="2" type="stmt"/>
        <line num="32" count="5" type="stmt"/>
      </file>
      <file name="teacher.service.ts" path="C:\Dossier_a_concerver\OC\DA-JAVA-ANGULAR\P5-testez_une_application_full-stack\front\src\app\services\teacher.service.ts">
        <metrics statements="7" coveredstatements="7" conditionals="0" coveredconditionals="0" methods="3" coveredmethods="3"/>
        <line num="1" count="5" type="stmt"/>
        <line num="2" count="5" type="stmt"/>
        <line num="9" count="5" type="stmt"/>
        <line num="11" count="4" type="stmt"/>
        <line num="13" count="4" type="stmt"/>
        <line num="16" count="2" type="stmt"/>
        <line num="20" count="1" type="stmt"/>
      </file>
      <file name="user.service.ts" path="C:\Dossier_a_concerver\OC\DA-JAVA-ANGULAR\P5-testez_une_application_full-stack\front\src\app\services\user.service.ts">
        <metrics statements="7" coveredstatements="7" conditionals="0" coveredconditionals="0" methods="3" coveredmethods="3"/>
        <line num="1" count="1" type="stmt"/>
        <line num="2" count="1" type="stmt"/>
        <line num="9" count="1" type="stmt"/>
        <line num="11" count="3" type="stmt"/>
        <line num="13" count="3" type="stmt"/>
        <line num="17" count="1" type="stmt"/>
        <line num="21" count="1" type="stmt"/>
      </file>
    </package>
  </project>
</coverage>
