TN:
SF:src\app\app.component.html
FNF:0
FNH:0
DA:1,1
LF:1
LH:1
BRF:0
BRH:0
end_of_record
TN:
SF:src\app\app.component.ts
FN:14,(anonymous_0)
FN:20,(anonymous_1)
FN:24,(anonymous_2)
FNF:3
FNH:1
FNDA:1,(anonymous_0)
FNDA:0,(anonymous_1)
FNDA:0,(anonymous_2)
DA:1,1
DA:2,1
DA:4,1
DA:6,1
DA:13,1
DA:15,1
DA:16,1
DA:17,1
DA:21,0
DA:25,0
DA:26,0
LF:11
LH:8
BRF:0
BRH:0
end_of_record
TN:
SF:src\app\components\not-found\not-found.component.html
FNF:0
FNH:0
DA:1,1
LF:1
LH:1
BRF:0
BRH:0
end_of_record
TN:
SF:src\app\components\not-found\not-found.component.ts
FNF:0
FNH:0
DA:1,1
DA:8,1
LF:2
LH:2
BRF:0
BRH:0
end_of_record
TN:
SF:src\app\features\auth\components\login\login.component.html
FNF:0
FNH:0
DA:1,1
LF:1
LH:1
BRF:0
BRH:0
end_of_record
TN:
SF:src\app\features\auth\components\login\login.component.ts
FN:35,(anonymous_0)
FN:41,(anonymous_1)
FN:44,(anonymous_2)
FN:48,(anonymous_3)
FNF:4
FNH:4
FNDA:2,(anonymous_0)
FNDA:2,(anonymous_1)
FNDA:1,(anonymous_2)
FNDA:1,(anonymous_3)
DA:1,1
DA:2,1
DA:3,1
DA:5,1
DA:7,1
DA:14,1
DA:15,2
DA:16,2
DA:18,2
DA:35,2
DA:36,2
DA:37,2
DA:38,2
DA:42,2
DA:43,2
DA:45,1
DA:46,1
DA:49,1
DA:50,1
LF:19
LH:19
BRF:0
BRH:0
end_of_record
TN:
SF:src\app\features\auth\components\register\register.component.html
FNF:0
FNH:0
DA:1,1
LF:1
LH:1
BRF:0
BRH:0
end_of_record
TN:
SF:src\app\features\auth\components\register\register.component.ts
FN:50,(anonymous_0)
FN:55,(anonymous_1)
FN:62,(anonymous_2)
FN:63,(anonymous_3)
FNF:4
FNH:3
FNDA:5,(anonymous_0)
FNDA:2,(anonymous_1)
FNDA:1,(anonymous_2)
FNDA:0,(anonymous_3)
DA:1,1
DA:2,1
DA:3,1
DA:4,1
DA:12,1
DA:14,5
DA:16,5
DA:50,5
DA:51,5
DA:52,5
DA:56,2
DA:57,1
DA:60,1
DA:61,1
DA:62,1
DA:63,0
LF:16
LH:15
BRDA:56,0,0,1
BRF:1
BRH:1
end_of_record
TN:
SF:src\app\features\auth\services\auth.service.ts
FN:15,(anonymous_0)
FN:17,(anonymous_1)
FN:21,(anonymous_2)
FNF:3
FNH:3
FNDA:3,(anonymous_0)
FNDA:1,(anonymous_1)
FNDA:1,(anonymous_2)
DA:1,4
DA:2,4
DA:11,4
DA:13,3
DA:15,3
DA:18,1
DA:22,1
LF:7
LH:7
BRF:0
BRH:0
end_of_record
TN:
SF:src\app\features\sessions\components\detail\detail.component.html
FNF:0
FNH:0
DA:1,1
LF:1
LH:1
BRF:0
BRH:0
end_of_record
TN:
SF:src\app\features\sessions\components\detail\detail.component.ts
FN:26,(anonymous_0)
FN:39,(anonymous_1)
FN:43,(anonymous_2)
FN:47,(anonymous_3)
FN:50,(anonymous_4)
FN:57,(anonymous_5)
FN:58,(anonymous_6)
FN:61,(anonymous_7)
FN:62,(anonymous_8)
FN:65,(anonymous_9)
FN:68,(anonymous_10)
FN:70,(anonymous_11)
FN:73,(anonymous_12)
FNF:13
FNH:12
FNDA:5,(anonymous_0)
FNDA:1,(anonymous_1)
FNDA:0,(anonymous_2)
FNDA:1,(anonymous_3)
FNDA:1,(anonymous_4)
FNDA:1,(anonymous_5)
FNDA:1,(anonymous_6)
FNDA:1,(anonymous_7)
FNDA:1,(anonymous_8)
FNDA:3,(anonymous_9)
FNDA:3,(anonymous_10)
FNDA:3,(anonymous_11)
FNDA:3,(anonymous_12)
DA:1,1
DA:2,1
DA:3,1
DA:4,1
DA:6,1
DA:7,1
DA:9,1
DA:16,1
DA:20,5
DA:21,5
DA:27,5
DA:28,5
DA:29,5
DA:30,5
DA:31,5
DA:32,5
DA:33,5
DA:34,5
DA:35,5
DA:36,5
DA:40,1
DA:44,0
DA:48,1
DA:51,1
DA:52,1
DA:58,1
DA:62,1
DA:66,3
DA:69,3
DA:70,3
DA:71,3
DA:73,3
LF:32
LH:31
BRF:0
BRH:0
end_of_record
TN:
SF:src\app\features\sessions\components\form\form.component.html
FNF:0
FNH:0
DA:1,2
LF:1
LH:1
BRF:0
BRH:0
end_of_record
TN:
SF:src\app\features\sessions\components\form\form.component.ts
FN:22,(anonymous_0)
FN:33,(anonymous_1)
FN:43,(anonymous_2)
FN:49,(anonymous_3)
FN:55,(anonymous_4)
FN:59,(anonymous_5)
FN:63,(anonymous_6)
FN:87,(anonymous_7)
FNF:8
FNH:7
FNDA:5,(anonymous_0)
FNDA:5,(anonymous_1)
FNDA:1,(anonymous_2)
FNDA:1,(anonymous_3)
FNDA:1,(anonymous_4)
FNDA:0,(anonymous_5)
FNDA:5,(anonymous_6)
FNDA:1,(anonymous_7)
DA:1,2
DA:2,2
DA:3,2
DA:4,2
DA:5,2
DA:6,2
DA:8,2
DA:15,2
DA:17,5
DA:19,5
DA:23,5
DA:24,5
DA:25,5
DA:26,5
DA:27,5
DA:28,5
DA:29,5
DA:34,5
DA:35,4
DA:37,5
DA:38,5
DA:39,1
DA:40,1
DA:41,1
DA:43,1
DA:45,4
DA:50,1
DA:52,1
DA:53,1
DA:55,1
DA:57,0
DA:59,0
DA:64,5
DA:88,1
DA:89,1
LF:35
LH:33
BRDA:34,0,0,4
BRDA:38,1,0,1
BRDA:38,1,1,4
BRDA:50,2,0,0
BRDA:50,2,1,1
BRDA:50,3,0,1
BRDA:50,3,1,1
BRDA:52,4,0,1
BRDA:52,4,1,0
BRDA:66,5,0,1
BRDA:66,5,1,4
BRDA:70,6,0,1
BRDA:70,6,1,4
BRDA:74,7,0,1
BRDA:74,7,1,4
BRDA:78,8,0,1
BRDA:78,8,1,4
BRF:17
BRH:15
end_of_record
TN:
SF:src\app\features\sessions\services\session-api.service.ts
FN:13,(anonymous_0)
FN:16,(anonymous_1)
FN:20,(anonymous_2)
FN:24,(anonymous_3)
FN:28,(anonymous_4)
FN:32,(anonymous_5)
FN:36,(anonymous_6)
FN:40,(anonymous_7)
FNF:8
FNH:8
FNDA:11,(anonymous_0)
FNDA:2,(anonymous_1)
FNDA:1,(anonymous_2)
FNDA:2,(anonymous_3)
FNDA:1,(anonymous_4)
FNDA:1,(anonymous_5)
FNDA:1,(anonymous_6)
FNDA:1,(anonymous_7)
DA:1,4
DA:2,4
DA:9,4
DA:11,11
DA:13,11
DA:17,2
DA:21,1
DA:25,2
DA:29,1
DA:33,1
DA:37,1
DA:41,1
LF:12
LH:12
BRF:0
BRH:0
end_of_record
TN:
SF:src\app\services\session.service.ts
FN:15,(anonymous_1)
FN:19,(anonymous_2)
FN:25,(anonymous_3)
FN:31,(anonymous_4)
FNF:4
FNH:4
FNDA:1,(anonymous_1)
FNDA:3,(anonymous_2)
FNDA:2,(anonymous_3)
FNDA:5,(anonymous_4)
DA:1,6
DA:2,6
DA:8,6
DA:10,5
DA:13,5
DA:16,1
DA:20,3
DA:21,3
DA:22,3
DA:26,2
DA:27,2
DA:28,2
DA:32,5
LF:13
LH:13
BRF:0
BRH:0
end_of_record
TN:
SF:src\app\services\teacher.service.ts
FN:13,(anonymous_0)
FN:15,(anonymous_1)
FN:19,(anonymous_2)
FNF:3
FNH:3
FNDA:4,(anonymous_0)
FNDA:2,(anonymous_1)
FNDA:1,(anonymous_2)
DA:1,5
DA:2,5
DA:9,5
DA:11,4
DA:13,4
DA:16,2
DA:20,1
LF:7
LH:7
BRF:0
BRH:0
end_of_record
TN:
SF:src\app\services\user.service.ts
FN:13,(anonymous_0)
FN:16,(anonymous_1)
FN:20,(anonymous_2)
FNF:3
FNH:3
FNDA:3,(anonymous_0)
FNDA:1,(anonymous_1)
FNDA:1,(anonymous_2)
DA:1,1
DA:2,1
DA:9,1
DA:11,3
DA:13,3
DA:17,1
DA:21,1
LF:7
LH:7
BRF:0
BRH:0
end_of_record
